{"contracts/Attack.sol":{"l":{"27":4,"28":4,"32":3,"36":81,"37":80,"45":42,"46":41,"47":41,"51":41,"55":1},"path":"/Users/goodblock/Project/solidity/solidity_study/cross_contract_reentrancy/contracts/Attack.sol","s":{"1":42,"2":41,"3":41,"4":41,"5":1},"b":{"1":[80,1],"2":[41,1]},"f":{"1":4,"2":3,"3":42,"4":41,"5":1},"fnMap":{"1":{"name":"constructor","line":26,"loc":{"start":{"line":26,"column":4},"end":{"line":29,"column":4}}},"2":{"name":"setAttackPeer","line":31,"loc":{"start":{"line":31,"column":4},"end":{"line":33,"column":4}}},"3":{"name":"attackInit","line":44,"loc":{"start":{"line":44,"column":4},"end":{"line":48,"column":4}}},"4":{"name":"attackNext","line":50,"loc":{"start":{"line":50,"column":4},"end":{"line":52,"column":4}}},"5":{"name":"getBalance","line":54,"loc":{"start":{"line":54,"column":4},"end":{"line":56,"column":4}}}},"statementMap":{"1":{"start":{"line":45,"column":8},"end":{"line":45,"column":65}},"2":{"start":{"line":46,"column":8},"end":{"line":46,"column":42}},"3":{"start":{"line":47,"column":8},"end":{"line":47,"column":30}},"4":{"start":{"line":51,"column":8},"end":{"line":51,"column":30}},"5":{"start":{"line":55,"column":8},"end":{"line":55,"column":36}}},"branchMap":{"1":{"line":36,"type":"if","locations":[{"start":{"line":36,"column":8},"end":{"line":36,"column":8}},{"start":{"line":36,"column":8},"end":{"line":36,"column":8}}]},"2":{"line":45,"type":"if","locations":[{"start":{"line":45,"column":8},"end":{"line":45,"column":8}},{"start":{"line":45,"column":8},"end":{"line":45,"column":8}}]}}},"contracts/Dependencies.sol":{"l":{"17":135,"18":135,"19":135,"20":132,"48":4,"52":157,"53":154,"57":9,"64":82,"65":81,"66":81,"67":81,"75":3,"76":3,"78":1,"79":1,"81":1,"82":1,"84":1,"92":191,"99":3,"100":3,"108":4,"117":60,"118":60,"119":60,"127":85,"128":85,"129":85,"130":85},"path":"/Users/goodblock/Project/solidity/solidity_study/cross_contract_reentrancy/contracts/Dependencies.sol","s":{"1":135,"2":157,"3":82,"4":81,"5":3,"6":3,"7":1,"8":1,"9":191,"10":3,"11":4,"12":60,"13":85,"14":85},"b":{"1":[135,0],"2":[154,3],"3":[9,1],"4":[81,1],"5":[1,2],"6":[1,0],"7":[60,1],"8":[85,1]},"f":{"1":135,"2":4,"3":157,"4":9,"5":82,"6":3,"7":191,"8":3,"9":4,"10":60,"11":85},"fnMap":{"1":{"name":"noReentrant","line":16,"loc":{"start":{"line":16,"column":4},"end":{"line":21,"column":4}}},"2":{"name":"constructor","line":47,"loc":{"start":{"line":47,"column":4},"end":{"line":49,"column":4}}},"3":{"name":"onlyOwner","line":51,"loc":{"start":{"line":51,"column":4},"end":{"line":54,"column":4}}},"4":{"name":"transferOwnership","line":56,"loc":{"start":{"line":56,"column":4},"end":{"line":58,"column":4}}},"5":{"name":"transfer","line":60,"loc":{"start":{"line":60,"column":4},"end":{"line":68,"column":4}}},"6":{"name":"transferFrom","line":70,"loc":{"start":{"line":70,"column":4},"end":{"line":85,"column":4}}},"7":{"name":"balanceOf","line":87,"loc":{"start":{"line":87,"column":4},"end":{"line":93,"column":4}}},"8":{"name":"approve","line":95,"loc":{"start":{"line":95,"column":4},"end":{"line":101,"column":4}}},"9":{"name":"allowance","line":103,"loc":{"start":{"line":103,"column":4},"end":{"line":109,"column":4}}},"10":{"name":"mint","line":113,"loc":{"start":{"line":111,"column":4},"end":{"line":120,"column":4}}},"11":{"name":"burnAccount","line":124,"loc":{"start":{"line":122,"column":4},"end":{"line":131,"column":4}}}},"statementMap":{"1":{"start":{"line":17,"column":8},"end":{"line":17,"column":41}},"2":{"start":{"line":52,"column":8},"end":{"line":52,"column":60}},"3":{"start":{"line":64,"column":8},"end":{"line":64,"column":46}},"4":{"start":{"line":67,"column":8},"end":{"line":67,"column":19}},"5":{"start":{"line":75,"column":8},"end":{"line":75,"column":55}},"6":{"start":{"line":76,"column":8},"end":{"line":76,"column":65}},"7":{"start":{"line":81,"column":8},"end":{"line":81,"column":2845}},"8":{"start":{"line":84,"column":8},"end":{"line":84,"column":19}},"9":{"start":{"line":92,"column":8},"end":{"line":92,"column":31}},"10":{"start":{"line":100,"column":8},"end":{"line":100,"column":19}},"11":{"start":{"line":108,"column":8},"end":{"line":108,"column":40}},"12":{"start":{"line":119,"column":8},"end":{"line":119,"column":19}},"13":{"start":{"line":127,"column":8},"end":{"line":127,"column":46}},"14":{"start":{"line":130,"column":8},"end":{"line":130,"column":19}}},"branchMap":{"1":{"line":17,"type":"if","locations":[{"start":{"line":17,"column":8},"end":{"line":17,"column":8}},{"start":{"line":17,"column":8},"end":{"line":17,"column":8}}]},"2":{"line":52,"type":"if","locations":[{"start":{"line":52,"column":8},"end":{"line":52,"column":8}},{"start":{"line":52,"column":8},"end":{"line":52,"column":8}}]},"3":{"line":56,"type":"if","locations":[{"start":{"line":56,"column":59},"end":{"line":56,"column":59}},{"start":{"line":56,"column":59},"end":{"line":56,"column":59}}]},"4":{"line":64,"type":"if","locations":[{"start":{"line":64,"column":8},"end":{"line":64,"column":8}},{"start":{"line":64,"column":8},"end":{"line":64,"column":8}}]},"5":{"line":76,"type":"if","locations":[{"start":{"line":76,"column":8},"end":{"line":76,"column":8}},{"start":{"line":76,"column":8},"end":{"line":76,"column":8}}]},"6":{"line":81,"type":"if","locations":[{"start":{"line":81,"column":8},"end":{"line":81,"column":8}},{"start":{"line":81,"column":8},"end":{"line":81,"column":8}}]},"7":{"line":113,"type":"if","locations":[{"start":{"line":113,"column":8},"end":{"line":113,"column":8}},{"start":{"line":113,"column":8},"end":{"line":113,"column":8}}]},"8":{"line":124,"type":"if","locations":[{"start":{"line":124,"column":8},"end":{"line":124,"column":8}},{"start":{"line":124,"column":8},"end":{"line":124,"column":8}}]}}},"contracts/FixedMoonVault.sol":{"l":{"20":2,"24":5,"25":5,"29":4,"30":4,"33":2,"34":2,"36":2,"37":2,"41":4,"45":7},"path":"/Users/goodblock/Project/solidity/solidity_study/cross_contract_reentrancy/contracts/FixedMoonVault.sol","s":{"1":5,"2":5,"3":4,"4":4,"5":2,"6":2,"7":2,"8":4,"9":7},"b":{"1":[5,0],"2":[5,0],"3":[4,0],"4":[2,2],"5":[2,0],"6":[2,0]},"f":{"1":2,"2":5,"3":4,"4":4,"5":7},"fnMap":{"1":{"name":"constructor","line":19,"loc":{"start":{"line":19,"column":4},"end":{"line":21,"column":4}}},"2":{"name":"deposit","line":23,"loc":{"start":{"line":23,"column":4},"end":{"line":26,"column":4}}},"3":{"name":"withdrawAll","line":28,"loc":{"start":{"line":28,"column":4},"end":{"line":38,"column":4}}},"4":{"name":"getBalance","line":40,"loc":{"start":{"line":40,"column":4},"end":{"line":42,"column":4}}},"5":{"name":"getUserBalance","line":44,"loc":{"start":{"line":44,"column":4},"end":{"line":46,"column":4}}}},"statementMap":{"1":{"start":{"line":24,"column":8},"end":{"line":24,"column":60}},"2":{"start":{"line":25,"column":8},"end":{"line":25,"column":47}},"3":{"start":{"line":29,"column":8},"end":{"line":29,"column":52}},"4":{"start":{"line":30,"column":8},"end":{"line":30,"column":51}},"5":{"start":{"line":33,"column":8},"end":{"line":33,"column":56}},"6":{"start":{"line":34,"column":8},"end":{"line":34,"column":47}},"7":{"start":{"line":37,"column":8},"end":{"line":37,"column":47}},"8":{"start":{"line":41,"column":8},"end":{"line":41,"column":36}},"9":{"start":{"line":45,"column":8},"end":{"line":45,"column":41}}},"branchMap":{"1":{"line":23,"type":"if","locations":[{"start":{"line":23,"column":40},"end":{"line":23,"column":40}},{"start":{"line":23,"column":40},"end":{"line":23,"column":40}}]},"2":{"line":25,"type":"if","locations":[{"start":{"line":25,"column":8},"end":{"line":25,"column":8}},{"start":{"line":25,"column":8},"end":{"line":25,"column":8}}]},"3":{"line":28,"type":"if","locations":[{"start":{"line":28,"column":36},"end":{"line":28,"column":36}},{"start":{"line":28,"column":36},"end":{"line":28,"column":36}}]},"4":{"line":30,"type":"if","locations":[{"start":{"line":30,"column":8},"end":{"line":30,"column":8}},{"start":{"line":30,"column":8},"end":{"line":30,"column":8}}]},"5":{"line":34,"type":"if","locations":[{"start":{"line":34,"column":8},"end":{"line":34,"column":8}},{"start":{"line":34,"column":8},"end":{"line":34,"column":8}}]},"6":{"line":37,"type":"if","locations":[{"start":{"line":37,"column":8},"end":{"line":37,"column":8}},{"start":{"line":37,"column":8},"end":{"line":37,"column":8}}]}}},"contracts/InsecureMoonVault.sol":{"l":{"20":2,"24":44,"25":44,"29":82,"30":82,"32":81,"33":81,"35":81,"36":81,"40":46,"44":163},"path":"/Users/goodblock/Project/solidity/solidity_study/cross_contract_reentrancy/contracts/InsecureMoonVault.sol","s":{"1":44,"2":44,"3":82,"4":82,"5":81,"6":81,"7":81,"8":46,"9":163},"b":{"1":[44,0],"2":[44,0],"3":[82,0],"4":[81,1],"5":[81,0],"6":[81,0]},"f":{"1":2,"2":44,"3":82,"4":46,"5":163},"fnMap":{"1":{"name":"constructor","line":19,"loc":{"start":{"line":19,"column":4},"end":{"line":21,"column":4}}},"2":{"name":"deposit","line":23,"loc":{"start":{"line":23,"column":4},"end":{"line":26,"column":4}}},"3":{"name":"withdrawAll","line":28,"loc":{"start":{"line":28,"column":4},"end":{"line":37,"column":4}}},"4":{"name":"getBalance","line":39,"loc":{"start":{"line":39,"column":4},"end":{"line":41,"column":4}}},"5":{"name":"getUserBalance","line":43,"loc":{"start":{"line":43,"column":4},"end":{"line":45,"column":4}}}},"statementMap":{"1":{"start":{"line":24,"column":8},"end":{"line":24,"column":60}},"2":{"start":{"line":25,"column":8},"end":{"line":25,"column":47}},"3":{"start":{"line":29,"column":8},"end":{"line":29,"column":52}},"4":{"start":{"line":30,"column":8},"end":{"line":30,"column":51}},"5":{"start":{"line":32,"column":8},"end":{"line":32,"column":62}},"6":{"start":{"line":33,"column":8},"end":{"line":33,"column":47}},"7":{"start":{"line":36,"column":8},"end":{"line":36,"column":47}},"8":{"start":{"line":40,"column":8},"end":{"line":40,"column":36}},"9":{"start":{"line":44,"column":8},"end":{"line":44,"column":41}}},"branchMap":{"1":{"line":23,"type":"if","locations":[{"start":{"line":23,"column":40},"end":{"line":23,"column":40}},{"start":{"line":23,"column":40},"end":{"line":23,"column":40}}]},"2":{"line":25,"type":"if","locations":[{"start":{"line":25,"column":8},"end":{"line":25,"column":8}},{"start":{"line":25,"column":8},"end":{"line":25,"column":8}}]},"3":{"line":28,"type":"if","locations":[{"start":{"line":28,"column":36},"end":{"line":28,"column":36}},{"start":{"line":28,"column":36},"end":{"line":28,"column":36}}]},"4":{"line":30,"type":"if","locations":[{"start":{"line":30,"column":8},"end":{"line":30,"column":8}},{"start":{"line":30,"column":8},"end":{"line":30,"column":8}}]},"5":{"line":33,"type":"if","locations":[{"start":{"line":33,"column":8},"end":{"line":33,"column":8}},{"start":{"line":33,"column":8},"end":{"line":33,"column":8}}]},"6":{"line":36,"type":"if","locations":[{"start":{"line":36,"column":8},"end":{"line":36,"column":8}},{"start":{"line":36,"column":8},"end":{"line":36,"column":8}}]}}}}